<?xml version="1.0" encoding="UTF-8"?>
<!-- Generated by org.testng.reporters.JUnitReportReporter -->
<testsuite hostname="DESKTOP-CRGJO43" failures="0" tests="5" name="runner.MyRunner" time="0.592" errors="0" timestamp="2022-02-06T01:06:06 IST" skipped="0">
  <testcase classname="runner.MyRunner" name="runScenario" time="0.029"/>
  <system-out/>
  <testcase classname="runner.MyRunner" name="runScenario" time="0.035"/>
  <system-out/>
  <testcase classname="runner.MyRunner" name="runScenario" time="0.442"/>
  <system-out/>
  <testcase classname="runner.MyRunner" name="runScenario" time="0.048"/>
  <system-out/>
  <testcase classname="runner.MyRunner" name="runScenario" time="0.038"/>
  <system-out/>
</testsuite> <!-- runner.MyRunner -->
