<?xml version="1.0" encoding="UTF-8"?>
<!-- Generated by org.testng.reporters.JUnitReportReporter -->
<testsuite hostname="DESKTOP-CRGJO43" failures="0" tests="2" name="runner.Part_3_My_Runner" time="0.610" errors="0" timestamp="2022-02-08T13:28:52 IST" skipped="0">
  <testcase classname="runner.Part_3_My_Runner" name="runScenario" time="0.547"/>
  <system-out/>
  <testcase classname="runner.Part_3_My_Runner" name="runScenario" time="0.063"/>
  <system-out/>
</testsuite> <!-- runner.Part_3_My_Runner -->
