<?xml version="1.0" encoding="UTF-8"?>
<!-- Generated by org.testng.reporters.JUnitReportReporter -->
<testsuite hostname="DESKTOP-CRGJO43" failures="0" tests="1" name="login.Google_Class" time="3.926" errors="0" timestamp="2022-02-07T22:18:56 IST" skipped="0">
  <testcase classname="login.Google_Class" name="test" time="3.926"/>
  <system-out/>
</testsuite> <!-- login.Google_Class -->
